<?xml version="1.0" encoding="UTF-8"?>
<testng-results ignored="0" total="2" passed="2" failed="0" skipped="0">
  <reporter-output>
  </reporter-output>
  <suite started-at="2020-02-23T23:20:47 EST" name="Default suite" finished-at="2020-02-23T23:20:47 EST" duration-ms="47">
    <groups>
    </groups>
    <test started-at="2020-02-23T23:20:47 EST" name="Default test" finished-at="2020-02-23T23:20:47 EST" duration-ms="47">
      <class name="testDay1.Testcase1">
        <test-method signature="Demo()[pri:0, instance:testDay1.Testcase1@2d6c53fc]" started-at="2020-02-23T23:20:47 EST" name="Demo" finished-at="2020-02-23T23:20:47 EST" duration-ms="15" status="PASS">
          <reporter-output>
          </reporter-output>
        </test-method> <!-- Demo -->
        <test-method signature="secondtest()[pri:0, instance:testDay1.Testcase1@2d6c53fc]" started-at="2020-02-23T23:20:47 EST" name="secondtest" finished-at="2020-02-23T23:20:47 EST" duration-ms="1" status="PASS">
          <reporter-output>
          </reporter-output>
        </test-method> <!-- secondtest -->
      </class> <!-- testDay1.Testcase1 -->
    </test> <!-- Default test -->
  </suite> <!-- Default suite -->
</testng-results>
